2019-01-16 17:55:48 INFO  TestListener:16 - Test Suite started!
2019-01-16 17:55:55 INFO  TestListener:27 - buyItemsFromCart started!
2019-01-16 17:55:56 INFO  TestListener:27 - changeQuantityInCart started!
2019-01-16 17:55:56 INFO  TestListener:27 - addItemToCart started!
2019-01-16 17:56:00 INFO  TestListener:27 - selectColor started!
2019-01-16 17:56:01 INFO  TestListener:33 - addItemToCart passed!
2019-01-16 17:56:01 INFO  TestListener:27 - addSeveralItemsToCart started!
2019-01-16 17:56:04 INFO  TestListener:33 - selectColor passed!
2019-01-16 17:56:10 INFO  TestListener:33 - addSeveralItemsToCart passed!
2019-01-16 17:56:14 INFO  TestListener:33 - buyItemsFromCart passed!
2019-01-16 17:56:15 INFO  TestListener:33 - changeQuantityInCart passed!
2019-01-16 17:56:19 INFO  TestListener:27 - removeLastItemFromCart started!
2019-01-16 17:56:21 INFO  TestListener:27 - createUpdateDeleteWishlist started!
2019-01-16 17:56:26 INFO  TestListener:33 - removeLastItemFromCart passed!
2019-01-16 17:56:31 INFO  TestListener:27 - forgotPassword started!
2019-01-16 17:56:33 INFO  TestListener:27 - signIn started!
2019-01-16 17:56:35 INFO  TestListener:27 - forgotPasswordWithInvalidCredentials started!
2019-01-16 17:56:36 INFO  TestListener:33 - forgotPassword passed!
2019-01-16 17:56:38 INFO  TestListener:33 - signIn passed!
2019-01-16 17:56:39 INFO  TestListener:33 - createUpdateDeleteWishlist passed!
2019-01-16 17:56:41 INFO  TestListener:33 - forgotPasswordWithInvalidCredentials passed!
2019-01-16 17:56:43 INFO  TestListener:27 - signInWithInvalidCredentials started!
2019-01-16 17:56:47 INFO  TestListener:33 - signInWithInvalidCredentials passed!
2019-01-16 17:56:55 INFO  TestListener:27 - signOut started!
2019-01-16 17:56:57 INFO  TestListener:27 - checkOut started!
2019-01-16 17:57:00 INFO  TestListener:27 - checkCountInHover started!
2019-01-16 17:57:00 INFO  TestListener:27 - removeItemFromHover started!
2019-01-16 17:57:01 INFO  TestListener:33 - signOut passed!
2019-01-16 17:57:04 INFO  TestListener:33 - checkOut passed!
2019-01-16 17:57:05 INFO  TestListener:33 - checkCountInHover passed!
2019-01-16 17:57:08 INFO  TestListener:33 - removeItemFromHover passed!
2019-01-16 17:57:20 INFO  TestListener:21 - Test Suite is ending!
